<?xml version="1.0" encoding="UTF-8"?>
<testsuite name="com.zx.demo.demode.proxy.ProxyMain" tests="3" skipped="0" failures="0" errors="0" timestamp="2022-07-15T09:00:45" hostname="DESKTOP-SB05EAK" time="0.058">
  <properties/>
  <testcase name="testStaticProxy" classname="com.zx.demo.demode.proxy.ProxyMain" time="0.002"/>
  <testcase name="testDynamicProxy" classname="com.zx.demo.demode.proxy.ProxyMain" time="0.004"/>
  <testcase name="testCglibProxy" classname="com.zx.demo.demode.proxy.ProxyMain" time="0.052"/>
  <system-out><![CDATA[执行前...
real do something...
执行后...
com.zx.demo.demode.proxy.StaticProxySubject
执行前...
前置通知...
real do something...
后置通知...
执行后...
com.sun.proxy.$Proxy5
执行前...
前置通知...
real do something...
后置通知...
执行后...
com.zx.demo.demode.proxy.Subject$$EnhancerByCGLIB$$87b4e481
]]></system-out>
  <system-err><![CDATA[]]></system-err>
</testsuite>
