<?xml version="1.0" encoding="UTF-8"?>
<testsuite name="com.zx.demo.IoTest" tests="2" skipped="0" failures="0" errors="0" timestamp="2022-07-15T09:00:45" hostname="DESKTOP-SB05EAK" time="0.0">
  <properties/>
  <testcase name="test" classname="com.zx.demo.IoTest" time="0.0"/>
  <testcase name="testjson" classname="com.zx.demo.IoTest" time="0.0"/>
  <system-out><![CDATA[]]></system-out>
  <system-err><![CDATA[]]></system-err>
</testsuite>
