<?xml version="1.0" encoding="UTF-8"?>
<testsuite name="com.zx.demo.classLoader.ClassLoaderTest" tests="1" skipped="0" failures="0" errors="0" timestamp="2022-07-15T09:00:45" hostname="DESKTOP-SB05EAK" time="0.001">
  <properties/>
  <testcase name="test" classname="com.zx.demo.classLoader.ClassLoaderTest" time="0.001"/>
  <system-out><![CDATA[sun.misc.Launcher$AppClassLoader@73d16e93
sun.misc.Launcher$ExtClassLoader@13fee20c class java.net.URLClassLoader
null
sun.misc.Launcher$AppClassLoader@73d16e93
null
]]></system-out>
  <system-err><![CDATA[]]></system-err>
</testsuite>
