<?xml version="1.0" encoding="UTF-8"?>
<testsuite name="com.zx.demo.demode.singleton.SingletonMain" tests="1" skipped="0" failures="0" errors="0" timestamp="2022-07-15T09:00:45" hostname="DESKTOP-SB05EAK" time="0.0">
  <properties/>
  <testcase name="testDelayLoaderSingleton" classname="com.zx.demo.demode.singleton.SingletonMain" time="0.0"/>
  <system-out><![CDATA[Singleton loading...
SingletonHolder loading 1 ...
Singleton init...
SingletonHolder loading 2 ...
true
]]></system-out>
  <system-err><![CDATA[]]></system-err>
</testsuite>
